Build started 17/05/2018 1:52:52 PM.
     1>Project "h:\my documents\visual studio 2010\Projects\3802_Game\3802_Game\3802_Game.vcxproj" on node 2 (build target(s)).
     1>InitializeBuildStatus:
         Creating "Debug\3802_Game.unsuccessfulbuild" because "AlwaysCreate" was specified.
       ClCompile:
         C:\Program Files (x86)\Microsoft Visual Studio 10.0\VC\bin\CL.exe /c /ZI /nologo /W3 /WX- /Od /Oy- /D WIN32 /D _DEBUG /D _CONSOLE /D _UNICODE /D UNICODE /Gm /EHsc /RTC1 /MDd /GS /fp:precise /Zc:wchar_t /Zc:forScope /Fo"Debug\\" /Fd"Debug\vc100.pdb" /Gd /TP /analyze- /errorReport:prompt 3802_Game.cpp
         3802_Game.cpp
       ManifestResourceCompile:
         All outputs are up-to-date.
       Link:
         C:\Program Files (x86)\Microsoft Visual Studio 10.0\VC\bin\link.exe /ERRORREPORT:PROMPT /OUT:"h:\my documents\visual studio 2010\Projects\3802_Game\Debug\3802_Game.exe" /INCREMENTAL /NOLOGO kernel32.lib user32.lib gdi32.lib winspool.lib comdlg32.lib advapi32.lib shell32.lib ole32.lib oleaut32.lib uuid.lib odbc32.lib odbccp32.lib /MANIFEST /ManifestFile:"Debug\3802_Game.exe.intermediate.manifest" /MANIFESTUAC:"level='asInvoker' uiAccess='false'" /DEBUG /PDB:"h:\my documents\visual studio 2010\Projects\3802_Game\Debug\3802_Game.pdb" /SUBSYSTEM:WINDOWS /TLBID:1 /DYNAMICBASE /NXCOMPAT /IMPLIB:"h:\my documents\visual studio 2010\Projects\3802_Game\Debug\3802_Game.lib" /MACHINE:X86 Debug\3802_Game.exe.embed.manifest.res
         Debug\3802_Game.obj
         Debug\bsptree.obj
         Debug\camera.obj
         Debug\files.obj
         Debug\guicon.obj
         Debug\lighting.obj
         Debug\models.obj
         Debug\image.obj
         Debug\math_3d.obj
         Debug\physics.obj
         Debug\plane.obj
         Debug\robotprac.obj
         Debug\shader.obj
         Debug\skybox.obj
         Debug\terrain.obj
         Debug\tinyobjloader.obj
       Manifest:
         C:\Program Files (x86)\Microsoft SDKs\Windows\v7.0A\bin\mt.exe /nologo /verbose /out:"Debug\3802_Game.exe.embed.manifest" /manifest Debug\3802_Game.exe.intermediate.manifest
         All outputs are up-to-date.
       LinkEmbedManifest:
         All outputs are up-to-date.
         3802_Game.vcxproj -> h:\my documents\visual studio 2010\Projects\3802_Game\Debug\3802_Game.exe
       FinalizeBuildStatus:
         Deleting file "Debug\3802_Game.unsuccessfulbuild".
         Touching "Debug\3802_Game.lastbuildstate".
     1>Done Building Project "h:\my documents\visual studio 2010\Projects\3802_Game\3802_Game\3802_Game.vcxproj" (build target(s)).

Build succeeded.

Time Elapsed 00:00:01.59
